\BOOKMARK [1][-]{section.1}{\376\377\000A\000l\000l\000\040\000M\000a\000c\000r\000o\000s}{}% 1
\BOOKMARK [1][-]{section.2}{\376\377\000D\000a\000t\000a\000\040\000S\000t\000r\000u\000c\000t\000u\000r\000e}{}% 2
\BOOKMARK [2][-]{subsection.2.1}{\376\377\000S\000p\000a\000r\000s\000e\000\040\000T\000a\000b\000l\000e}{section.2}% 3
\BOOKMARK [2][-]{subsection.2.2}{\376\377\000B\000I\000T}{section.2}% 4
\BOOKMARK [2][-]{subsection.2.3}{\376\377\000L\000a\000z\000y\000\040\000S\000e\000g\000m\000e\000n\000t\000T\000r\000e\000e}{section.2}% 5
\BOOKMARK [2][-]{subsection.2.4}{\376\377\000G\000e\000n\000e\000r\000i\000c\000\040\000S\000e\000g\000m\000e\000n\000t\000T\000r\000e\000e}{section.2}% 6
\BOOKMARK [2][-]{subsection.2.5}{\376\377\000M\000O}{section.2}% 7
\BOOKMARK [2][-]{subsection.2.6}{\376\377\000M\000e\000r\000g\000e\000S\000o\000r\000t\000\040\000T\000r\000e\000e}{section.2}% 8
\BOOKMARK [1][-]{section.3}{\376\377\000G\000r\000a\000p\000h}{}% 9
\BOOKMARK [2][-]{subsection.3.1}{\376\377\000G\000r\000a\000p\000h\000\040\000T\000e\000m\000p\000l\000a\000t\000e}{section.3}% 10
\BOOKMARK [2][-]{subsection.3.2}{\376\377\000L\000i\000f\000t\000i\000n\000g\000,\000\040\000L\000C\000A\000,\000\040\000H\000L\000D}{section.3}% 11
\BOOKMARK [2][-]{subsection.3.3}{\376\377\000S\000C\000C}{section.3}% 12
\BOOKMARK [2][-]{subsection.3.4}{\376\377\000C\000e\000n\000t\000r\000o\000i\000d\000\040\000D\000e\000c\000o\000m\000p\000o\000s\000e}{section.3}% 13
\BOOKMARK [2][-]{subsection.3.5}{\376\377\000E\000u\000l\000e\000r\000\040\000T\000o\000u\000r\000\040\000o\000n\000\040\000E\000d\000g\000e}{section.3}% 14
\BOOKMARK [2][-]{subsection.3.6}{\376\377\000V\000i\000r\000t\000u\000a\000l\000\040\000T\000r\000e\000e}{section.3}% 15
\BOOKMARK [2][-]{subsection.3.7}{\376\377\000D\000i\000n\000i\000c\000\040\000M\000a\000x\000\040\000F\000l\000o\000w}{section.3}% 16
\BOOKMARK [2][-]{subsection.3.8}{\376\377\000M\000i\000n\000\040\000C\000o\000s\000t\000\040\000M\000a\000x\000\040\000F\000l\000o\000w}{section.3}% 17
\BOOKMARK [2][-]{subsection.3.9}{\376\377\000B\000l\000o\000c\000k\000\040\000C\000u\000t\000\040\000T\000r\000e\000e}{section.3}% 18
\BOOKMARK [2][-]{subsection.3.10}{\376\377\000B\000r\000i\000d\000g\000e\000\040\000T\000r\000e\000e}{section.3}% 19
\BOOKMARK [2][-]{subsection.3.11}{\376\377\000T\000r\000e\000e\000\040\000I\000s\000o\000m\000o\000r\000p\000h\000i\000s\000m}{section.3}% 20
\BOOKMARK [1][-]{section.4}{\376\377\000M\000a\000t\000h}{}% 21
\BOOKMARK [2][-]{subsection.4.1}{\376\377\000C\000o\000m\000b\000i}{section.4}% 22
\BOOKMARK [2][-]{subsection.4.2}{\376\377\000L\000i\000n\000e\000a\000r\000\040\000S\000i\000e\000v\000e}{section.4}% 23
\BOOKMARK [2][-]{subsection.4.3}{\376\377\000P\000o\000l\000l\000a\000r\000d\000\040\000R\000h\000o}{section.4}% 24
\BOOKMARK [2][-]{subsection.4.4}{\376\377\000C\000h\000i\000n\000e\000s\000e\000\040\000R\000e\000m\000a\000i\000n\000d\000e\000r\000\040\000T\000h\000e\000o\000r\000e\000m}{section.4}% 25
\BOOKMARK [2][-]{subsection.4.5}{\376\377\000M\000o\000b\000i\000u\000s\000\040\000F\000u\000n\000c\000t\000i\000o\000n}{section.4}% 26
\BOOKMARK [2][-]{subsection.4.6}{\376\377\000F\000F\000T}{section.4}% 27
\BOOKMARK [2][-]{subsection.4.7}{\376\377\000N\000T\000T}{section.4}% 28
\BOOKMARK [2][-]{subsection.4.8}{\376\377\000W\000a\000l\000s\000h\000H\000a\000d\000a\000m\000a\000r\000d}{section.4}% 29
\BOOKMARK [2][-]{subsection.4.9}{\376\377\000B\000e\000r\000l\000e\000k\000a\000m\000p\000\040\000M\000a\000s\000s\000e\000y}{section.4}% 30
\BOOKMARK [2][-]{subsection.4.10}{\376\377\000L\000a\000g\000r\000a\000n\000g\000e}{section.4}% 31
\BOOKMARK [2][-]{subsection.4.11}{\376\377\000S\000h\000a\000n\000k\000s\000'\000\040\000B\000a\000b\000y\000\040\000S\000t\000e\000p\000,\000\040\000G\000i\000a\000n\000t\000\040\000S\000t\000e\000p}{section.4}% 32
\BOOKMARK [2][-]{subsection.4.12}{\376\377\000X\000o\000r\000\040\000B\000a\000s\000i\000s}{section.4}% 33
\BOOKMARK [1][-]{section.5}{\376\377\000S\000t\000r\000i\000n\000g}{}% 34
\BOOKMARK [2][-]{subsection.5.1}{\376\377\000A\000h\000o\000\040\000C\000o\000r\000a\000s\000i\000c\000k}{section.5}% 35
\BOOKMARK [2][-]{subsection.5.2}{\376\377\000D\000o\000u\000b\000l\000e\000\040\000h\000a\000s\000h}{section.5}% 36
\BOOKMARK [2][-]{subsection.5.3}{\376\377\000M\000a\000n\000a\000c\000h\000e\000r\000'\000s}{section.5}% 37
\BOOKMARK [2][-]{subsection.5.4}{\376\377\000S\000u\000f\000f\000i\000x\000\040\000A\000r\000r\000a\000y}{section.5}% 38
\BOOKMARK [2][-]{subsection.5.5}{\376\377\000Z\000\040\000A\000l\000g\000o}{section.5}% 39
\BOOKMARK [1][-]{section.6}{\376\377\000D\000P}{}% 40
\BOOKMARK [2][-]{subsection.6.1}{\376\377\0001\000D\000-\0001\000D}{section.6}% 41
\BOOKMARK [2][-]{subsection.6.2}{\376\377\000C\000o\000n\000v\000e\000x\000\040\000H\000u\000l\000l\000\040\000T\000r\000i\000c\000k}{section.6}% 42
\BOOKMARK [2][-]{subsection.6.3}{\376\377\000D\000i\000v\000i\000d\000e\000\040\000a\000n\000d\000\040\000C\000o\000n\000q\000u\000e\000r\000\040\000d\000p}{section.6}% 43
\BOOKMARK [2][-]{subsection.6.4}{\376\377\000D\000y\000n\000a\000m\000i\000c\000\040\000C\000H\000T}{section.6}% 44
\BOOKMARK [2][-]{subsection.6.5}{\376\377\000F\000F\000T\000\040\000O\000n\000l\000i\000n\000e}{section.6}% 45
\BOOKMARK [2][-]{subsection.6.6}{\376\377\000K\000n\000u\000t\000h\000\040\000o\000p\000t\000i\000m\000i\000z\000a\000t\000i\000o\000n}{section.6}% 46
\BOOKMARK [2][-]{subsection.6.7}{\376\377\000L\000i\000\040\000C\000h\000a\000o\000\040\000T\000r\000e\000e}{section.6}% 47
\BOOKMARK [1][-]{section.7}{\376\377\000G\000e\000o\000m\000e\000t\000r\000y}{}% 48
\BOOKMARK [2][-]{subsection.7.1}{\376\377\000P\000o\000i\000n\000t}{section.7}% 49
\BOOKMARK [2][-]{subsection.7.2}{\376\377\000L\000i\000n\000e\000a\000r}{section.7}% 50
\BOOKMARK [2][-]{subsection.7.3}{\376\377\000C\000i\000r\000c\000u\000l\000a\000r}{section.7}% 51
\BOOKMARK [2][-]{subsection.7.4}{\376\377\000C\000o\000n\000v\000e\000x}{section.7}% 52
\BOOKMARK [2][-]{subsection.7.5}{\376\377\000P\000o\000l\000y\000g\000o\000n}{section.7}% 53
\BOOKMARK [2][-]{subsection.7.6}{\376\377\000H\000a\000l\000f\000\040\000P\000l\000a\000n\000e}{section.7}% 54
\BOOKMARK [1][-]{section.8}{\376\377\000E\000q\000u\000a\000t\000i\000o\000n\000s\000\040\000a\000n\000d\000\040\000F\000o\000r\000m\000u\000l\000a\000s}{}% 55
\BOOKMARK [2][-]{subsection.8.1}{\376\377\000C\000a\000t\000a\000l\000a\000n\000\040\000N\000u\000m\000b\000e\000r\000s}{section.8}% 56
\BOOKMARK [2][-]{subsection.8.2}{\376\377\000S\000t\000i\000r\000l\000i\000n\000g\000\040\000N\000u\000m\000b\000e\000r\000s\000\040\000F\000i\000r\000s\000t\000\040\000K\000i\000n\000d}{section.8}% 57
\BOOKMARK [2][-]{subsection.8.3}{\376\377\000S\000t\000i\000r\000l\000i\000n\000g\000\040\000N\000u\000m\000b\000e\000r\000s\000\040\000S\000e\000c\000o\000n\000d\000\040\000K\000i\000n\000d}{section.8}% 58
\BOOKMARK [2][-]{subsection.8.4}{\376\377\000O\000t\000h\000e\000r\000\040\000C\000o\000m\000b\000i\000n\000a\000t\000o\000r\000i\000a\000l\000\040\000I\000d\000e\000n\000t\000i\000t\000i\000e\000s}{section.8}% 59
\BOOKMARK [2][-]{subsection.8.5}{\376\377\000D\000i\000f\000f\000e\000r\000e\000n\000t\000\040\000M\000a\000t\000h\000\040\000F\000o\000r\000m\000u\000l\000a\000s}{section.8}% 60
\BOOKMARK [2][-]{subsection.8.6}{\376\377\000G\000C\000D\000\040\000a\000n\000d\000\040\000L\000C\000M}{section.8}% 61
